<?xml version="1.0" encoding="UTF-8"?>
<!-- Generated by org.testng.reporters.JUnitReportReporter -->
<testsuite hostname="NP-ASINGH" name="Bingo_Core_SUITE.ChangePasswordTest" tests="12" failures="0" timestamp="13 Feb 2017 11:36:50 GMT" time="152.848" errors="0">
  <testcase name="ChangePasswordtest" time="12.189" classname="Bingo_Core_SUITE.ChangePasswordTest"/>
  <testcase name="ChangePasswordtest" time="13.451" classname="Bingo_Core_SUITE.ChangePasswordTest"/>
  <testcase name="ChangePasswordtest" time="12.071" classname="Bingo_Core_SUITE.ChangePasswordTest"/>
  <testcase name="ChangePasswordtest" time="12.463" classname="Bingo_Core_SUITE.ChangePasswordTest"/>
  <testcase name="ChangePasswordtest" time="12.432" classname="Bingo_Core_SUITE.ChangePasswordTest"/>
  <testcase name="ChangePasswordtest" time="11.845" classname="Bingo_Core_SUITE.ChangePasswordTest"/>
  <testcase name="ChangePasswordtest" time="12.560" classname="Bingo_Core_SUITE.ChangePasswordTest"/>
  <testcase name="ChangePasswordtest" time="12.517" classname="Bingo_Core_SUITE.ChangePasswordTest"/>
  <testcase name="ChangePasswordtest" time="13.582" classname="Bingo_Core_SUITE.ChangePasswordTest"/>
  <testcase name="ChangePasswordtest" time="13.874" classname="Bingo_Core_SUITE.ChangePasswordTest"/>
  <testcase name="ChangePasswordtest" time="12.454" classname="Bingo_Core_SUITE.ChangePasswordTest"/>
  <testcase name="ChangePasswordtest" time="13.410" classname="Bingo_Core_SUITE.ChangePasswordTest"/>
</testsuite> <!-- Bingo_Core_SUITE.ChangePasswordTest -->
