<?xml version="1.0" encoding="UTF-8"?>
<!-- Generated by org.testng.reporters.JUnitReportReporter -->
<testsuite hostname="NP-SADEKUNLE" name="Bingo_Core_SUITE.HomePage" tests="8" failures="0" timestamp="8 Mar 2017 09:42:19 GMT" time="363.496" errors="0">
  <testcase name="Headertest" time="20.669" classname="Bingo_Core_SUITE.HomePage"/>
  <testcase name="BingoVertcalMenutest" time="50.981" classname="Bingo_Core_SUITE.HomePage"/>
  <testcase name="HelpVertcalMenutest" time="101.960" classname="Bingo_Core_SUITE.HomePage"/>
  <testcase name="GamblingCommsionIcontest" time="16.290" classname="Bingo_Core_SUITE.HomePage"/>
  <testcase name="PromotionsVertcalMenutest" time="39.733" classname="Bingo_Core_SUITE.HomePage"/>
  <testcase name="netplaytvicontest" time="26.509" classname="Bingo_Core_SUITE.HomePage"/>
  <testcase name="GamecareIcontest" time="19.029" classname="Bingo_Core_SUITE.HomePage"/>
  <testcase name="Footertest" time="88.325" classname="Bingo_Core_SUITE.HomePage"/>
</testsuite> <!-- Bingo_Core_SUITE.HomePage -->
