<?xml version="1.0" encoding="UTF-8"?>
<!-- Generated by org.testng.reporters.JUnitReportReporter -->
<testsuite hostname="NP-SADEKUNLE" name="Bingo_Core_SUITE.LoginTest" tests="4" failures="0" timestamp="14 Mar 2017 15:52:08 GMT" time="59.397" errors="0">
  <testcase name="logintest" time="19.258" classname="Bingo_Core_SUITE.LoginTest"/>
  <testcase name="logintest" time="13.030" classname="Bingo_Core_SUITE.LoginTest"/>
  <testcase name="logintest" time="9.020" classname="Bingo_Core_SUITE.LoginTest"/>
  <testcase name="logintest" time="18.089" classname="Bingo_Core_SUITE.LoginTest"/>
</testsuite> <!-- Bingo_Core_SUITE.LoginTest -->
