<?xml version="1.0" encoding="UTF-8"?>
<!-- Generated by org.testng.reporters.JUnitReportReporter -->
<testsuite hostname="NP-SADEKUNLE" name="Games.BingoGamesCategoryTest" tests="7" failures="0" timestamp="8 Mar 2017 15:47:43 GMT" time="181.519" errors="0">
  <testcase name="ball80test" time="21.563" classname="Games.BingoGamesCategoryTest"/>
  <testcase name="AllBingotest" time="33.686" classname="Games.BingoGamesCategoryTest"/>
  <testcase name="ball75test" time="21.510" classname="Games.BingoGamesCategoryTest"/>
  <testcase name="timetabletest" time="32.390" classname="Games.BingoGamesCategoryTest"/>
  <testcase name="ball75patterntest" time="23.427" classname="Games.BingoGamesCategoryTest"/>
  <testcase name="ball90test" time="21.394" classname="Games.BingoGamesCategoryTest"/>
  <testcase name="bingojackpottest" time="27.549" classname="Games.BingoGamesCategoryTest"/>
</testsuite> <!-- Games.BingoGamesCategoryTest -->
