<?xml version="1.0" encoding="UTF-8"?>
<!-- Generated by org.testng.reporters.JUnitReportReporter -->
<testsuite hostname="NP-SADEKUNLE" name="Bingo_Core_SUITE.LoginPop_UpBox" tests="2" failures="0" timestamp="8 Mar 2017 09:42:19 GMT" time="54.973" errors="0">
  <testcase name="LoginPop_upBoxtest" time="34.130" classname="Bingo_Core_SUITE.LoginPop_UpBox"/>
  <testcase name="loginPop_UpBox_JoinNowtest" time="20.843" classname="Bingo_Core_SUITE.LoginPop_UpBox"/>
</testsuite> <!-- Bingo_Core_SUITE.LoginPop_UpBox -->
