<?xml version="1.0" encoding="UTF-8"?>
<!-- Generated by org.testng.reporters.JUnitReportReporter -->
<testsuite hostname="NP-SADEKUNLE" name="Cashier.Deposit" tests="3" failures="0" timestamp="14 Feb 2017 14:22:27 GMT" time="132.729" errors="0">
  <testcase name="Deposit" time="39.961" classname="Cashier.Deposit"/>
  <testcase name="Deposit" time="53.233" classname="Cashier.Deposit"/>
  <testcase name="Deposit" time="39.535" classname="Cashier.Deposit"/>
</testsuite> <!-- Cashier.Deposit -->
