<?xml version="1.0" encoding="UTF-8"?>
<!-- Generated by org.testng.reporters.JUnitReportReporter -->
<testsuite hostname="NP-SADEKUNLE" name="Games.GamesCategoryTest" tests="6" failures="0" timestamp="8 Mar 2017 12:19:40 GMT" time="209.803" errors="0">
  <testcase name="Slotstest" time="41.028" classname="Games.GamesCategoryTest"/>
  <testcase name="AllGamestest" time="25.621" classname="Games.GamesCategoryTest"/>
  <testcase name="Progressivetest" time="39.902" classname="Games.GamesCategoryTest"/>
  <testcase name="Featuretest" time="19.966" classname="Games.GamesCategoryTest"/>
  <testcase name="Scracthcardtest" time="40.105" classname="Games.GamesCategoryTest"/>
  <testcase name="Arcadetest" time="43.181" classname="Games.GamesCategoryTest"/>
</testsuite> <!-- Games.GamesCategoryTest -->
