<?xml version="1.0" encoding="UTF-8"?>
<!-- Generated by org.testng.reporters.JUnitReportReporter -->
<testsuite hostname="NP-SADEKUNLE" name="Cashier.AccountTest" tests="1" failures="0" timestamp="8 Mar 2017 14:41:08 GMT" time="211.818" errors="0">
  <testcase name="AccountMenutest" time="211.818" classname="Cashier.AccountTest"/>
</testsuite> <!-- Cashier.AccountTest -->
