<?xml version="1.0" encoding="UTF-8"?>
<!-- Generated by org.testng.reporters.JUnitReportReporter -->
<testsuite hostname="NP-SADEKUNLE" name="Bingo_Core_SUITE.ForgottenDetailsTest" tests="5" failures="0" timestamp="8 Mar 2017 09:42:19 GMT" time="190.653" errors="0">
  <testcase name="ForgottenDetailstest" time="46.785" classname="Bingo_Core_SUITE.ForgottenDetailsTest"/>
  <testcase name="ForgottenDetailstest" time="33.353" classname="Bingo_Core_SUITE.ForgottenDetailsTest"/>
  <testcase name="ForgottenDetailstest" time="36.006" classname="Bingo_Core_SUITE.ForgottenDetailsTest"/>
  <testcase name="ForgottenDetailstest" time="38.651" classname="Bingo_Core_SUITE.ForgottenDetailsTest"/>
  <testcase name="ForgottenDetailstest" time="35.858" classname="Bingo_Core_SUITE.ForgottenDetailsTest"/>
</testsuite> <!-- Bingo_Core_SUITE.ForgottenDetailsTest -->
