<?xml version="1.0" encoding="UTF-8"?>
<!-- Generated by org.testng.reporters.JUnitReportReporter -->
<testsuite hostname="NP-SADEKUNLE" name="Bingo_Core_SUITE.PromotionsPage" tests="2" failures="0" timestamp="8 Mar 2017 09:42:19 GMT" time="168.381" errors="0">
  <testcase name="PromotionsMenutest" time="50.109" classname="Bingo_Core_SUITE.PromotionsPage"/>
  <testcase name="PromotionsMenu1test" time="118.272" classname="Bingo_Core_SUITE.PromotionsPage"/>
</testsuite> <!-- Bingo_Core_SUITE.PromotionsPage -->
